/COM,ANSYS RELEASE 2022 R1           BUILD 22.1      UP20211129       20:40:19

 *** WARNING ***                         CP =       3.875   TIME= 20:42:14
 Element shape checking is currently inactive.  Issue SHPP,ON or         
 SHPP,WARN to reactivate, if desired.                                    

 *** WARNING ***                         CP =       3.875   TIME= 20:42:14
 Meshes made up of 10 percent or more of SOLID185 tetrahedra are not     
 recommended.                                                            

 *** WARNING ***                         CP =       3.984   TIME= 20:42:14
 Node 135 UX master is superseded by a specified constraint.             

 *** WARNING ***                         CP =       3.984   TIME= 20:42:14
 Node 135 UY master is superseded by a specified constraint.             

 *** WARNING ***                         CP =       3.984   TIME= 20:42:14
 Node 135 UZ master is superseded by a specified constraint.             

 *** WARNING ***   SUPPRESSED MESSAGE    CP =       3.984   TIME= 20:42:14
 Node 153 UX master is superseded by a specified constraint.             

 *** WARNING ***   SUPPRESSED MESSAGE    CP =       3.984   TIME= 20:42:14
 Node 153 UY master is superseded by a specified constraint.             

 *** WARNING ***   SUPPRESSED MESSAGE    CP =       3.984   TIME= 20:42:14
 Node 153 UZ master is superseded by a specified constraint.             

 *** WARNING ***   SUPPRESSED MESSAGE    CP =       3.984   TIME= 20:42:14
 Node 277 UX master is superseded by a specified constraint.             

 *** WARNING ***   SUPPRESSED MESSAGE    CP =       3.984   TIME= 20:42:14
 Node 277 UY master is superseded by a specified constraint.             

 *** WARNING ***   SUPPRESSED MESSAGE    CP =       3.984   TIME= 20:42:14
 Node 277 UZ master is superseded by a specified constraint.             

 *** WARNING ***   SUPPRESSED MESSAGE    CP =       3.984   TIME= 20:42:14
 Node 283 UX master is superseded by a specified constraint.             

 *** WARNING ***   SUPPRESSED MESSAGE    CP =       3.984   TIME= 20:42:14
 Node 283 UY master is superseded by a specified constraint.             

 *** WARNING ***   SUPPRESSED MESSAGE    CP =       3.984   TIME= 20:42:14
 Node 283 UZ master is superseded by a specified constraint.             

 *** WARNING ***   SUPPRESSED MESSAGE    CP =       3.984   TIME= 20:42:14
 Node 278 UX master is superseded by a specified constraint.             

 *** WARNING ***   SUPPRESSED MESSAGE    CP =       3.984   TIME= 20:42:14
 Node 278 UY master is superseded by a specified constraint.             

 *** WARNING ***   SUPPRESSED MESSAGE    CP =       3.984   TIME= 20:42:14
 Node 278 UZ master is superseded by a specified constraint.             

 *** WARNING ***   SUPPRESSED MESSAGE    CP =       3.984   TIME= 20:42:14
 Node 134 UX master is superseded by a specified constraint.             

 *** WARNING ***   SUPPRESSED MESSAGE    CP =       3.984   TIME= 20:42:14
 Node 134 UY master is superseded by a specified constraint.             

 *** WARNING ***   SUPPRESSED MESSAGE    CP =       3.984   TIME= 20:42:14
 Node 134 UZ master is superseded by a specified constraint.             

 *** WARNING ***   SUPPRESSED MESSAGE    CP =       3.984   TIME= 20:42:14
 Node 154 UX master is superseded by a specified constraint.             

 *** WARNING ***   SUPPRESSED MESSAGE    CP =       3.984   TIME= 20:42:14
 Node 154 UY master is superseded by a specified constraint.             

 *** WARNING ***   SUPPRESSED MESSAGE    CP =       3.984   TIME= 20:42:14
 Node 154 UZ master is superseded by a specified constraint.             

 *** WARNING ***   SUPPRESSED MESSAGE    CP =       3.984   TIME= 20:42:14
 Node 282 UX master is superseded by a specified constraint.             

 *** WARNING ***   SUPPRESSED MESSAGE    CP =       3.984   TIME= 20:42:14
 Node 282 UY master is superseded by a specified constraint.             

 *** WARNING ***   SUPPRESSED MESSAGE    CP =       3.984   TIME= 20:42:14
 Node 282 UZ master is superseded by a specified constraint.             

 *** WARNING ***   SUPPRESSED MESSAGE    CP =       3.984   TIME= 20:42:14
 Node 136 UX master is superseded by a specified constraint.             

 *** WARNING ***   SUPPRESSED MESSAGE    CP =       3.984   TIME= 20:42:14
 Node 136 UY master is superseded by a specified constraint.             

 *** WARNING ***   SUPPRESSED MESSAGE    CP =       3.984   TIME= 20:42:14
 Node 136 UZ master is superseded by a specified constraint.             

 *** WARNING ***   SUPPRESSED MESSAGE    CP =       3.984   TIME= 20:42:14
 Node 152 UX master is superseded by a specified constraint.             

 *** WARNING ***   SUPPRESSED MESSAGE    CP =       3.984   TIME= 20:42:14
 Node 152 UY master is superseded by a specified constraint.             

 *** WARNING ***   SUPPRESSED MESSAGE    CP =       3.984   TIME= 20:42:14
 Node 152 UZ master is superseded by a specified constraint.             

 *** WARNING ***   SUPPRESSED MESSAGE    CP =       3.984   TIME= 20:42:14
 Node 284 UX master is superseded by a specified constraint.             

 *** WARNING ***   SUPPRESSED MESSAGE    CP =       3.984   TIME= 20:42:14
 Node 284 UY master is superseded by a specified constraint.             

 *** WARNING ***   SUPPRESSED MESSAGE    CP =       3.984   TIME= 20:42:14
 Node 284 UZ master is superseded by a specified constraint.             

 *** WARNING ***   SUPPRESSED MESSAGE    CP =       3.984   TIME= 20:42:14
 Node 276 UX master is superseded by a specified constraint.             

 *** WARNING ***   SUPPRESSED MESSAGE    CP =       3.984   TIME= 20:42:14
 Node 276 UY master is superseded by a specified constraint.             

 *** WARNING ***   SUPPRESSED MESSAGE    CP =       3.984   TIME= 20:42:14
 Node 276 UZ master is superseded by a specified constraint.             

 *** WARNING ***   SUPPRESSED MESSAGE    CP =       3.984   TIME= 20:42:14
 Node 151 UX master is superseded by a specified constraint.             

 *** WARNING ***   SUPPRESSED MESSAGE    CP =       3.984   TIME= 20:42:14
 Node 151 UY master is superseded by a specified constraint.             

 *** WARNING ***   SUPPRESSED MESSAGE    CP =       3.984   TIME= 20:42:14
 Node 151 UZ master is superseded by a specified constraint.             

 *** WARNING ***   SUPPRESSED MESSAGE    CP =       3.984   TIME= 20:42:14
 Node 137 UX master is superseded by a specified constraint.             

 *** WARNING ***   SUPPRESSED MESSAGE    CP =       3.984   TIME= 20:42:14
 Node 137 UY master is superseded by a specified constraint.             

 *** WARNING ***   SUPPRESSED MESSAGE    CP =       3.984   TIME= 20:42:14
 Node 137 UZ master is superseded by a specified constraint.             

 *** WARNING ***   SUPPRESSED MESSAGE    CP =       3.984   TIME= 20:42:14
 Node 155 UX master is superseded by a specified constraint.             

 *** WARNING ***   SUPPRESSED MESSAGE    CP =       3.984   TIME= 20:42:14
 Node 155 UY master is superseded by a specified constraint.             

 *** WARNING ***   SUPPRESSED MESSAGE    CP =       3.984   TIME= 20:42:14
 Node 155 UZ master is superseded by a specified constraint.             

 *** WARNING ***   SUPPRESSED MESSAGE    CP =       3.984   TIME= 20:42:14
 Node 150 UX master is superseded by a specified constraint.             

 *** WARNING ***   SUPPRESSED MESSAGE    CP =       3.984   TIME= 20:42:14
 Node 150 UY master is superseded by a specified constraint.             

 *** WARNING ***   SUPPRESSED MESSAGE    CP =       3.984   TIME= 20:42:14
 Node 150 UZ master is superseded by a specified constraint.             

 *** WARNING ***   SUPPRESSED MESSAGE    CP =       3.984   TIME= 20:42:14
 Node 132 UX master is superseded by a specified constraint.             

 *** WARNING ***   SUPPRESSED MESSAGE    CP =       3.984   TIME= 20:42:14
 Node 132 UY master is superseded by a specified constraint.             

 *** WARNING ***   SUPPRESSED MESSAGE    CP =       3.984   TIME= 20:42:14
 Node 132 UZ master is superseded by a specified constraint.             

 *** WARNING ***   SUPPRESSED MESSAGE    CP =       3.984   TIME= 20:42:14
 Node 133 UX master is superseded by a specified constraint.             

 *** WARNING ***   SUPPRESSED MESSAGE    CP =       3.984   TIME= 20:42:14
 Node 133 UY master is superseded by a specified constraint.             

 *** WARNING ***   SUPPRESSED MESSAGE    CP =       3.984   TIME= 20:42:14
 Node 133 UZ master is superseded by a specified constraint.             

 *** WARNING ***   SUPPRESSED MESSAGE    CP =       3.984   TIME= 20:42:14
 Node 141 UX master is superseded by a specified constraint.             

 *** WARNING ***   SUPPRESSED MESSAGE    CP =       3.984   TIME= 20:42:14
 Node 141 UY master is superseded by a specified constraint.             

 *** WARNING ***   SUPPRESSED MESSAGE    CP =       3.984   TIME= 20:42:14
 Node 141 UZ master is superseded by a specified constraint.             

 *** WARNING ***   SUPPRESSED MESSAGE    CP =       3.984   TIME= 20:42:14
 Node 123 UX master is superseded by a specified constraint.             

 *** WARNING ***   SUPPRESSED MESSAGE    CP =       3.984   TIME= 20:42:14
 Node 123 UY master is superseded by a specified constraint.             

 *** WARNING ***   SUPPRESSED MESSAGE    CP =       3.984   TIME= 20:42:14
 Node 123 UZ master is superseded by a specified constraint.             

 *** WARNING ***   SUPPRESSED MESSAGE    CP =       3.984   TIME= 20:42:14
 Node 142 UX master is superseded by a specified constraint.             

 *** WARNING ***   SUPPRESSED MESSAGE    CP =       3.984   TIME= 20:42:14
 Node 142 UY master is superseded by a specified constraint.             

 *** WARNING ***   SUPPRESSED MESSAGE    CP =       3.984   TIME= 20:42:14
 Node 142 UZ master is superseded by a specified constraint.             

 *** WARNING ***   SUPPRESSED MESSAGE    CP =       3.984   TIME= 20:42:14
 Node 124 UX master is superseded by a specified constraint.             

 *** WARNING ***   SUPPRESSED MESSAGE    CP =       3.984   TIME= 20:42:14
 Node 124 UY master is superseded by a specified constraint.             

 *** WARNING ***   SUPPRESSED MESSAGE    CP =       3.984   TIME= 20:42:14
 Node 124 UZ master is superseded by a specified constraint.             

 *** WARNING ***   SUPPRESSED MESSAGE    CP =       3.984   TIME= 20:42:14
 Node 140 UX master is superseded by a specified constraint.             

 *** WARNING ***   SUPPRESSED MESSAGE    CP =       3.984   TIME= 20:42:14
 Node 140 UY master is superseded by a specified constraint.             

 *** WARNING ***   SUPPRESSED MESSAGE    CP =       3.984   TIME= 20:42:14
 Node 140 UZ master is superseded by a specified constraint.             

 *** WARNING ***   SUPPRESSED MESSAGE    CP =       3.984   TIME= 20:42:14
 Node 280 UX master is superseded by a specified constraint.             

 *** WARNING ***   SUPPRESSED MESSAGE    CP =       3.984   TIME= 20:42:14
 Node 280 UY master is superseded by a specified constraint.             

 *** WARNING ***   SUPPRESSED MESSAGE    CP =       3.984   TIME= 20:42:14
 Node 280 UZ master is superseded by a specified constraint.             

 *** WARNING ***   SUPPRESSED MESSAGE    CP =       3.984   TIME= 20:42:14
 Node 122 UX master is superseded by a specified constraint.             

 *** WARNING ***   SUPPRESSED MESSAGE    CP =       3.984   TIME= 20:42:14
 Node 122 UY master is superseded by a specified constraint.             

 *** WARNING ***   SUPPRESSED MESSAGE    CP =       3.984   TIME= 20:42:14
 Node 122 UZ master is superseded by a specified constraint.             

 *** WARNING ***   SUPPRESSED MESSAGE    CP =       3.984   TIME= 20:42:14
 Node 121 UX master is superseded by a specified constraint.             

 *** WARNING ***   SUPPRESSED MESSAGE    CP =       3.984   TIME= 20:42:14
 Node 121 UY master is superseded by a specified constraint.             

 *** WARNING ***   SUPPRESSED MESSAGE    CP =       3.984   TIME= 20:42:14
 Node 121 UZ master is superseded by a specified constraint.             

 *** WARNING ***   SUPPRESSED MESSAGE    CP =       3.984   TIME= 20:42:14
 Node 143 UX master is superseded by a specified constraint.             

 *** WARNING ***   SUPPRESSED MESSAGE    CP =       3.984   TIME= 20:42:14
 Node 143 UY master is superseded by a specified constraint.             

 *** WARNING ***   SUPPRESSED MESSAGE    CP =       3.984   TIME= 20:42:14
 Node 143 UZ master is superseded by a specified constraint.             

 *** WARNING ***   SUPPRESSED MESSAGE    CP =       3.984   TIME= 20:42:14
 Node 125 UX master is superseded by a specified constraint.             

 *** WARNING ***   SUPPRESSED MESSAGE    CP =       3.984   TIME= 20:42:14
 Node 125 UY master is superseded by a specified constraint.             

 *** WARNING ***   SUPPRESSED MESSAGE    CP =       3.984   TIME= 20:42:14
 Node 125 UZ master is superseded by a specified constraint.             

 *** WARNING ***   SUPPRESSED MESSAGE    CP =       3.984   TIME= 20:42:14
 Node 139 UX master is superseded by a specified constraint.             

 *** WARNING ***   SUPPRESSED MESSAGE    CP =       3.984   TIME= 20:42:14
 Node 139 UY master is superseded by a specified constraint.             

 *** WARNING ***   SUPPRESSED MESSAGE    CP =       3.984   TIME= 20:42:14
 Node 139 UZ master is superseded by a specified constraint.             

 *** WARNING ***   SUPPRESSED MESSAGE    CP =       3.984   TIME= 20:42:14
 Node 120 UX master is superseded by a specified constraint.             

 *** WARNING ***   SUPPRESSED MESSAGE    CP =       3.984   TIME= 20:42:14
 Node 120 UY master is superseded by a specified constraint.             

 *** WARNING ***   SUPPRESSED MESSAGE    CP =       3.984   TIME= 20:42:14
 Node 120 UZ master is superseded by a specified constraint.             

 *** WARNING ***   SUPPRESSED MESSAGE    CP =       3.984   TIME= 20:42:14
 Node 281 UX master is superseded by a specified constraint.             

 *** WARNING ***   SUPPRESSED MESSAGE    CP =       3.984   TIME= 20:42:14
 Node 281 UY master is superseded by a specified constraint.             

 *** WARNING ***   SUPPRESSED MESSAGE    CP =       3.984   TIME= 20:42:14
 Node 281 UZ master is superseded by a specified constraint.             

 *** WARNING ***   SUPPRESSED MESSAGE    CP =       3.984   TIME= 20:42:14
 Node 279 UX master is superseded by a specified constraint.             

 *** WARNING ***   SUPPRESSED MESSAGE    CP =       3.984   TIME= 20:42:14
 Node 279 UY master is superseded by a specified constraint.             

 *** WARNING ***   SUPPRESSED MESSAGE    CP =       3.984   TIME= 20:42:14
 Node 279 UZ master is superseded by a specified constraint.             

 *** WARNING ***   SUPPRESSED MESSAGE    CP =       3.984   TIME= 20:42:14
 Node 138 UX master is superseded by a specified constraint.             

 *** WARNING ***   SUPPRESSED MESSAGE    CP =       3.984   TIME= 20:42:14
 Node 138 UY master is superseded by a specified constraint.             

 *** WARNING ***   SUPPRESSED MESSAGE    CP =       3.984   TIME= 20:42:14
 Node 138 UZ master is superseded by a specified constraint.             

 *** WARNING ***   SUPPRESSED MESSAGE    CP =       4.172   TIME= 20:42:14
 Node 135 UX master is superseded by a specified constraint.             

 *** WARNING ***   SUPPRESSED MESSAGE    CP =       4.172   TIME= 20:42:14
 Node 135 UY master is superseded by a specified constraint.             

 *** WARNING ***   SUPPRESSED MESSAGE    CP =       4.172   TIME= 20:42:14
 Node 135 UZ master is superseded by a specified constraint.             

 *** WARNING ***   SUPPRESSED MESSAGE    CP =       4.172   TIME= 20:42:14
 Node 153 UX master is superseded by a specified constraint.             

 *** WARNING ***   SUPPRESSED MESSAGE    CP =       4.172   TIME= 20:42:14
 Node 153 UY master is superseded by a specified constraint.             

 *** WARNING ***   SUPPRESSED MESSAGE    CP =       4.172   TIME= 20:42:14
 Node 153 UZ master is superseded by a specified constraint.             

 *** WARNING ***   SUPPRESSED MESSAGE    CP =       4.172   TIME= 20:42:14
 Node 277 UX master is superseded by a specified constraint.             

 *** WARNING ***   SUPPRESSED MESSAGE    CP =       4.172   TIME= 20:42:14
 Node 277 UY master is superseded by a specified constraint.             

 *** WARNING ***   SUPPRESSED MESSAGE    CP =       4.172   TIME= 20:42:14
 Node 277 UZ master is superseded by a specified constraint.             

 *** WARNING ***   SUPPRESSED MESSAGE    CP =       4.172   TIME= 20:42:14
 Node 283 UX master is superseded by a specified constraint.             

 *** WARNING ***   SUPPRESSED MESSAGE    CP =       4.172   TIME= 20:42:14
 Node 283 UY master is superseded by a specified constraint.             

 *** WARNING ***   SUPPRESSED MESSAGE    CP =       4.172   TIME= 20:42:14
 Node 283 UZ master is superseded by a specified constraint.             

 *** WARNING ***   SUPPRESSED MESSAGE    CP =       4.172   TIME= 20:42:14
 Node 278 UX master is superseded by a specified constraint.             

 *** WARNING ***   SUPPRESSED MESSAGE    CP =       4.172   TIME= 20:42:14
 Node 278 UY master is superseded by a specified constraint.             

 *** WARNING ***   SUPPRESSED MESSAGE    CP =       4.172   TIME= 20:42:14
 Node 278 UZ master is superseded by a specified constraint.             

 *** WARNING ***   SUPPRESSED MESSAGE    CP =       4.172   TIME= 20:42:14
 Node 134 UX master is superseded by a specified constraint.             

 *** WARNING ***   SUPPRESSED MESSAGE    CP =       4.172   TIME= 20:42:14
 Node 134 UY master is superseded by a specified constraint.             

 *** WARNING ***   SUPPRESSED MESSAGE    CP =       4.172   TIME= 20:42:14
 Node 134 UZ master is superseded by a specified constraint.             

 *** WARNING ***   SUPPRESSED MESSAGE    CP =       4.172   TIME= 20:42:14
 Node 154 UX master is superseded by a specified constraint.             

 *** WARNING ***   SUPPRESSED MESSAGE    CP =       4.172   TIME= 20:42:14
 Node 154 UY master is superseded by a specified constraint.             

 *** WARNING ***   SUPPRESSED MESSAGE    CP =       4.172   TIME= 20:42:14
 Node 154 UZ master is superseded by a specified constraint.             

 *** WARNING ***   SUPPRESSED MESSAGE    CP =       4.172   TIME= 20:42:14
 Node 282 UX master is superseded by a specified constraint.             

 *** WARNING ***   SUPPRESSED MESSAGE    CP =       4.172   TIME= 20:42:14
 Node 282 UY master is superseded by a specified constraint.             

 *** WARNING ***   SUPPRESSED MESSAGE    CP =       4.172   TIME= 20:42:14
 Node 282 UZ master is superseded by a specified constraint.             

 *** WARNING ***   SUPPRESSED MESSAGE    CP =       4.172   TIME= 20:42:14
 Node 136 UX master is superseded by a specified constraint.             

 *** WARNING ***   SUPPRESSED MESSAGE    CP =       4.172   TIME= 20:42:14
 Node 136 UY master is superseded by a specified constraint.             

 *** WARNING ***   SUPPRESSED MESSAGE    CP =       4.172   TIME= 20:42:14
 Node 136 UZ master is superseded by a specified constraint.             

 *** WARNING ***   SUPPRESSED MESSAGE    CP =       4.172   TIME= 20:42:14
 Node 152 UX master is superseded by a specified constraint.             

 *** WARNING ***   SUPPRESSED MESSAGE    CP =       4.172   TIME= 20:42:14
 Node 152 UY master is superseded by a specified constraint.             

 *** WARNING ***   SUPPRESSED MESSAGE    CP =       4.172   TIME= 20:42:14
 Node 152 UZ master is superseded by a specified constraint.             

 *** WARNING ***   SUPPRESSED MESSAGE    CP =       4.172   TIME= 20:42:14
 Node 284 UX master is superseded by a specified constraint.             

 *** WARNING ***   SUPPRESSED MESSAGE    CP =       4.172   TIME= 20:42:14
 Node 284 UY master is superseded by a specified constraint.             

 *** WARNING ***   SUPPRESSED MESSAGE    CP =       4.172   TIME= 20:42:14
 Node 284 UZ master is superseded by a specified constraint.             

 *** WARNING ***   SUPPRESSED MESSAGE    CP =       4.172   TIME= 20:42:14
 Node 276 UX master is superseded by a specified constraint.             

 *** WARNING ***   SUPPRESSED MESSAGE    CP =       4.172   TIME= 20:42:14
 Node 276 UY master is superseded by a specified constraint.             

 *** WARNING ***   SUPPRESSED MESSAGE    CP =       4.172   TIME= 20:42:14
 Node 276 UZ master is superseded by a specified constraint.             

 *** WARNING ***   SUPPRESSED MESSAGE    CP =       4.172   TIME= 20:42:14
 Node 151 UX master is superseded by a specified constraint.             

 *** WARNING ***   SUPPRESSED MESSAGE    CP =       4.172   TIME= 20:42:14
 Node 151 UY master is superseded by a specified constraint.             

 *** WARNING ***   SUPPRESSED MESSAGE    CP =       4.172   TIME= 20:42:14
 Node 151 UZ master is superseded by a specified constraint.             

 *** WARNING ***   SUPPRESSED MESSAGE    CP =       4.172   TIME= 20:42:14
 Node 137 UX master is superseded by a specified constraint.             

 *** WARNING ***   SUPPRESSED MESSAGE    CP =       4.172   TIME= 20:42:14
 Node 137 UY master is superseded by a specified constraint.             

 *** WARNING ***   SUPPRESSED MESSAGE    CP =       4.172   TIME= 20:42:14
 Node 137 UZ master is superseded by a specified constraint.             

 *** WARNING ***   SUPPRESSED MESSAGE    CP =       4.172   TIME= 20:42:14
 Node 155 UX master is superseded by a specified constraint.             

 *** WARNING ***   SUPPRESSED MESSAGE    CP =       4.172   TIME= 20:42:14
 Node 155 UY master is superseded by a specified constraint.             

 *** WARNING ***   SUPPRESSED MESSAGE    CP =       4.172   TIME= 20:42:14
 Node 155 UZ master is superseded by a specified constraint.             

 *** WARNING ***   SUPPRESSED MESSAGE    CP =       4.172   TIME= 20:42:14
 Node 150 UX master is superseded by a specified constraint.             

 *** WARNING ***   SUPPRESSED MESSAGE    CP =       4.172   TIME= 20:42:14
 Node 150 UY master is superseded by a specified constraint.             

 *** WARNING ***   SUPPRESSED MESSAGE    CP =       4.172   TIME= 20:42:14
 Node 150 UZ master is superseded by a specified constraint.             

 *** WARNING ***   SUPPRESSED MESSAGE    CP =       4.172   TIME= 20:42:14
 Node 132 UX master is superseded by a specified constraint.             

 *** WARNING ***   SUPPRESSED MESSAGE    CP =       4.172   TIME= 20:42:14
 Node 132 UY master is superseded by a specified constraint.             

 *** WARNING ***   SUPPRESSED MESSAGE    CP =       4.172   TIME= 20:42:14
 Node 132 UZ master is superseded by a specified constraint.             

 *** WARNING ***   SUPPRESSED MESSAGE    CP =       4.172   TIME= 20:42:14
 Node 133 UX master is superseded by a specified constraint.             

 *** WARNING ***   SUPPRESSED MESSAGE    CP =       4.172   TIME= 20:42:14
 Node 133 UY master is superseded by a specified constraint.             

 *** WARNING ***   SUPPRESSED MESSAGE    CP =       4.172   TIME= 20:42:14
 Node 133 UZ master is superseded by a specified constraint.             

 *** WARNING ***   SUPPRESSED MESSAGE    CP =       4.172   TIME= 20:42:14
 Node 141 UX master is superseded by a specified constraint.             

 *** WARNING ***   SUPPRESSED MESSAGE    CP =       4.172   TIME= 20:42:14
 Node 141 UY master is superseded by a specified constraint.             

 *** WARNING ***   SUPPRESSED MESSAGE    CP =       4.172   TIME= 20:42:14
 Node 141 UZ master is superseded by a specified constraint.             

 *** WARNING ***   SUPPRESSED MESSAGE    CP =       4.172   TIME= 20:42:14
 Node 123 UX master is superseded by a specified constraint.             

 *** WARNING ***   SUPPRESSED MESSAGE    CP =       4.172   TIME= 20:42:14
 Node 123 UY master is superseded by a specified constraint.             

 *** WARNING ***   SUPPRESSED MESSAGE    CP =       4.172   TIME= 20:42:14
 Node 123 UZ master is superseded by a specified constraint.             

 *** WARNING ***   SUPPRESSED MESSAGE    CP =       4.172   TIME= 20:42:14
 Node 142 UX master is superseded by a specified constraint.             

 *** WARNING ***   SUPPRESSED MESSAGE    CP =       4.172   TIME= 20:42:14
 Node 142 UY master is superseded by a specified constraint.             

 *** WARNING ***   SUPPRESSED MESSAGE    CP =       4.172   TIME= 20:42:14
 Node 142 UZ master is superseded by a specified constraint.             

 *** WARNING ***   SUPPRESSED MESSAGE    CP =       4.172   TIME= 20:42:14
 Node 124 UX master is superseded by a specified constraint.             

 *** WARNING ***   SUPPRESSED MESSAGE    CP =       4.172   TIME= 20:42:14
 Node 124 UY master is superseded by a specified constraint.             

 *** WARNING ***   SUPPRESSED MESSAGE    CP =       4.172   TIME= 20:42:14
 Node 124 UZ master is superseded by a specified constraint.             

 *** WARNING ***   SUPPRESSED MESSAGE    CP =       4.172   TIME= 20:42:14
 Node 140 UX master is superseded by a specified constraint.             

 *** WARNING ***   SUPPRESSED MESSAGE    CP =       4.172   TIME= 20:42:14
 Node 140 UY master is superseded by a specified constraint.             

 *** WARNING ***   SUPPRESSED MESSAGE    CP =       4.172   TIME= 20:42:14
 Node 140 UZ master is superseded by a specified constraint.             

 *** WARNING ***   SUPPRESSED MESSAGE    CP =       4.172   TIME= 20:42:14
 Node 280 UX master is superseded by a specified constraint.             

 *** WARNING ***   SUPPRESSED MESSAGE    CP =       4.172   TIME= 20:42:14
 Node 280 UY master is superseded by a specified constraint.             

 *** WARNING ***   SUPPRESSED MESSAGE    CP =       4.172   TIME= 20:42:14
 Node 280 UZ master is superseded by a specified constraint.             

 *** WARNING ***   SUPPRESSED MESSAGE    CP =       4.172   TIME= 20:42:14
 Node 122 UX master is superseded by a specified constraint.             

 *** WARNING ***   SUPPRESSED MESSAGE    CP =       4.172   TIME= 20:42:14
 Node 122 UY master is superseded by a specified constraint.             

 *** WARNING ***   SUPPRESSED MESSAGE    CP =       4.172   TIME= 20:42:14
 Node 122 UZ master is superseded by a specified constraint.             

 *** WARNING ***   SUPPRESSED MESSAGE    CP =       4.172   TIME= 20:42:14
 Node 121 UX master is superseded by a specified constraint.             

 *** WARNING ***   SUPPRESSED MESSAGE    CP =       4.172   TIME= 20:42:14
 Node 121 UY master is superseded by a specified constraint.             

 *** WARNING ***   SUPPRESSED MESSAGE    CP =       4.172   TIME= 20:42:14
 Node 121 UZ master is superseded by a specified constraint.             

 *** WARNING ***   SUPPRESSED MESSAGE    CP =       4.172   TIME= 20:42:14
 Node 143 UX master is superseded by a specified constraint.             

 *** WARNING ***   SUPPRESSED MESSAGE    CP =       4.172   TIME= 20:42:14
 Node 143 UY master is superseded by a specified constraint.             

 *** WARNING ***   SUPPRESSED MESSAGE    CP =       4.172   TIME= 20:42:14
 Node 143 UZ master is superseded by a specified constraint.             

 *** WARNING ***   SUPPRESSED MESSAGE    CP =       4.172   TIME= 20:42:14
 Node 125 UX master is superseded by a specified constraint.             

 *** WARNING ***   SUPPRESSED MESSAGE    CP =       4.172   TIME= 20:42:14
 Node 125 UY master is superseded by a specified constraint.             

 *** WARNING ***   SUPPRESSED MESSAGE    CP =       4.172   TIME= 20:42:14
 Node 125 UZ master is superseded by a specified constraint.             

 *** WARNING ***   SUPPRESSED MESSAGE    CP =       4.172   TIME= 20:42:14
 Node 139 UX master is superseded by a specified constraint.             

 *** WARNING ***   SUPPRESSED MESSAGE    CP =       4.172   TIME= 20:42:14
 Node 139 UY master is superseded by a specified constraint.             

 *** WARNING ***   SUPPRESSED MESSAGE    CP =       4.172   TIME= 20:42:14
 Node 139 UZ master is superseded by a specified constraint.             

 *** WARNING ***   SUPPRESSED MESSAGE    CP =       4.172   TIME= 20:42:14
 Node 120 UX master is superseded by a specified constraint.             

 *** WARNING ***   SUPPRESSED MESSAGE    CP =       4.172   TIME= 20:42:14
 Node 120 UY master is superseded by a specified constraint.             

 *** WARNING ***   SUPPRESSED MESSAGE    CP =       4.172   TIME= 20:42:14
 Node 120 UZ master is superseded by a specified constraint.             

 *** WARNING ***   SUPPRESSED MESSAGE    CP =       4.172   TIME= 20:42:14
 Node 281 UX master is superseded by a specified constraint.             

 *** WARNING ***   SUPPRESSED MESSAGE    CP =       4.172   TIME= 20:42:14
 Node 281 UY master is superseded by a specified constraint.             

 *** WARNING ***   SUPPRESSED MESSAGE    CP =       4.172   TIME= 20:42:14
 Node 281 UZ master is superseded by a specified constraint.             

 *** WARNING ***   SUPPRESSED MESSAGE    CP =       4.172   TIME= 20:42:14
 Node 279 UX master is superseded by a specified constraint.             

 *** WARNING ***   SUPPRESSED MESSAGE    CP =       4.172   TIME= 20:42:14
 Node 279 UY master is superseded by a specified constraint.             

 *** WARNING ***   SUPPRESSED MESSAGE    CP =       4.172   TIME= 20:42:14
 Node 279 UZ master is superseded by a specified constraint.             

 *** WARNING ***   SUPPRESSED MESSAGE    CP =       4.172   TIME= 20:42:14
 Node 138 UX master is superseded by a specified constraint.             

 *** WARNING ***   SUPPRESSED MESSAGE    CP =       4.172   TIME= 20:42:14
 Node 138 UY master is superseded by a specified constraint.             

 *** WARNING ***   SUPPRESSED MESSAGE    CP =       4.172   TIME= 20:42:14
 Node 138 UZ master is superseded by a specified constraint.             

 *** WARNING ***   SUPPRESSED MESSAGE    CP =       4.172   TIME= 20:42:14
 The total number of MASTER degrees of freedom is reduced from 1308 to   
 1209 by the solver.  This is probably due to internal constraint        
 equations.  Check your model carefully.                                 

 *** WARNING ***   SUPPRESSED MESSAGE    CP =       4.172   TIME= 20:42:14
 All degrees of freedom are selected as MASTER degrees of freedom.  No   
 numerical reduction is occurring.  Check your model carefully.          

 *** WARNING ***   SUPPRESSED MESSAGE    CP =       4.266   TIME= 20:42:14
 No numerical reduction has occurred.  Therefore, no triangularized      
 matrix file exists for the backsubstitution method during any           
 subsequent expansion pass(es).  Only the full re-solve method can be    
 used to expand the results for this superelement.                       
