  Client.cpp
C:\utils\rapidjson-master\include\rapidjson\allocators.h(437,5): warning C4003: not enough arguments for function-like macro invocation 'max'
C:\utils\rapidjson-master\include\rapidjson\allocators.h(437,5): error C2760: syntax error: ')' was unexpected here; expected 'expression'
C:\utils\rapidjson-master\include\rapidjson\allocators.h(437,5): error C2760: syntax error: ')' was unexpected here; expected ';'
C:\utils\rapidjson-master\include\rapidjson\allocators.h(437,5): error C3878: syntax error: unexpected token ')' following 'expression_statement'
C:\utils\rapidjson-master\include\rapidjson\allocators.h(437,5): message : error recovery skipped: ')'
C:\utils\rapidjson-master\include\rapidjson\allocators.h(437,5): error C2589: '(': illegal token on right side of '::'
C:\utils\rapidjson-master\include\rapidjson\allocators.h(437,5): error C3878: syntax error: unexpected token '(' following 'expression'
C:\utils\rapidjson-master\include\rapidjson\allocators.h(437,5): message : error recovery skipped: '( ('
C:\utils\rapidjson-master\include\rapidjson\allocators.h(437,5): message : error recovery skipped: ') >'
C:\utils\rapidjson-master\include\rapidjson\allocators.h(437,5): message : error recovery skipped: ') ) ?'
C:\utils\rapidjson-master\include\rapidjson\allocators.h(437,5): message : error recovery skipped: ') :'
C:\utils\rapidjson-master\include\rapidjson\allocators.h(437,5): message : error recovery skipped: ') ) /'
C:\utils\rapidjson-master\include\rapidjson\allocators.h(437,5): message : error recovery skipped: '( ('
C:\utils\rapidjson-master\include\rapidjson\allocators.h(437,5): message : error recovery skipped: ') >'
C:\utils\rapidjson-master\include\rapidjson\allocators.h(437,5): message : error recovery skipped: ') ) ?'
C:\utils\rapidjson-master\include\rapidjson\allocators.h(437,5): message : error recovery skipped: ') :'
C:\utils\rapidjson-master\include\rapidjson\allocators.h(437,5): message : error recovery skipped: ') ) /'
C:\utils\rapidjson-master\include\rapidjson\allocators.h(437,5): message : error recovery skipped: ') ) ||'
C:\utils\rapidjson-master\include\rapidjson\allocators.h(437,5): message : error recovery skipped: ')'
E:\University\7sem\PSP\lab1\lab1\Client\Client.cpp(14,10): fatal  error C1083: Cannot open include file: 'boost/thread.hpp': No such file or directory
